{
  "RSpec": {
    "coverage": {
      "/home/bella--1/Desktop/Rails/leisuresphere/app/models/profile.rb": {
        "lines": [
          1,
          1,
          1,
          1,
          null
        ]
      },
      "/home/bella--1/Desktop/Rails/leisuresphere/app/controllers/profiles_controller.rb": {
        "lines": [
          1,
          1,
          0,
          0,
          null,
          null,
          1,
          1,
          null,
          null,
          1,
          1,
          1,
          1,
          0,
          null,
          1,
          1,
          1,
          null,
          null,
          1,
          1,
          null,
          null,
          null,
          1,
          0,
          null,
          0,
          0,
          null,
          null,
          1,
          null,
          1,
          1,
          null,
          null,
          1,
          2,
          null,
          null
        ]
      },
      "/home/bella--1/Desktop/Rails/leisuresphere/app/controllers/application_controller.rb": {
        "lines": [
          1,
          null,
          1,
          1,
          1,
          null,
          null,
          1,
          null,
          1,
          null
        ]
      },
      "/home/bella--1/Desktop/Rails/leisuresphere/lib/application_responder.rb": {
        "lines": [
          1,
          1,
          1,
          null,
          null,
          null,
          null,
          null,
          null,
          1,
          1,
          null
        ]
      }
    },
    "timestamp": 1735737252
  }
}
