{
  "RSpec": {
    "coverage": {
      "/home/bella--1/Desktop/Rails/leisuresphere/app/models/image_post.rb": {
        "lines": [
          1,
          1,
          null,
          1,
          null,
          1,
          1,
          null,
          1,
          1,
          null
        ]
      },
      "/home/bella--1/Desktop/Rails/leisuresphere/app/models/profile.rb": {
        "lines": [
          1,
          1,
          1,
          1,
          null
        ]
      },
      "/home/bella--1/Desktop/Rails/leisuresphere/app/models/comment.rb": {
        "lines": [
          1,
          1,
          1,
          null,
          1,
          null
        ]
      },
      "/home/bella--1/Desktop/Rails/leisuresphere/app/models/like.rb": {
        "lines": [
          1,
          1,
          1,
          null
        ]
      }
    },
    "timestamp": 1735577038
  }
}
